<?xml version="1.0" encoding="UTF-8"?>
<!-- Generated by org.testng.reporters.JUnitReportReporter -->
<testsuite skipped="1" hostname="Loveleen-PC" name="com.qa.hubspot.tests.LoginPageTest" tests="7" failures="0" timestamp="21 Jun 2020 09:08:31 GMT" time="25.368" errors="0">
  <testcase name="verifyLoginPageTitleTest" time="0.196" classname="com.qa.hubspot.tests.LoginPageTest"/>
  <testcase name="checkSignUplinkdisplayTest" time="0.297" classname="com.qa.hubspot.tests.LoginPageTest"/>
  <testcase name="checkshowpassworddisplayTest" time="0.639" classname="com.qa.hubspot.tests.LoginPageTest"/>
  <testcase name="checkforgetlinkdisplayTest" time="0.180" classname="com.qa.hubspot.tests.LoginPageTest"/>
  <testcase name="checkremembertextdisplayTest" time="0.145" classname="com.qa.hubspot.tests.LoginPageTest"/>
  <testcase name="loginTest" time="23.911" classname="com.qa.hubspot.tests.LoginPageTest"/>
  <testcase name="clickRemembermecheckBox" classname="com.qa.hubspot.tests.LoginPageTest">
    <skipped/>
  </testcase> <!-- clickRemembermecheckBox -->
</testsuite> <!-- com.qa.hubspot.tests.LoginPageTest -->
