<?xml version="1.0" encoding="UTF-8"?>
<!-- Generated by org.testng.reporters.JUnitReportReporter -->
<testsuite skipped="0" hostname="Loveleen-PC" name="com.qa.hubspot.tests.ContactPageTest" tests="5" failures="0" timestamp="17 May 2020 10:49:52 GMT" time="233.494" errors="0">
  <testcase name="createNewContactTest" time="45.300" classname="com.qa.hubspot.tests.ContactPageTest"/>
  <testcase name="createNewContactTest" time="44.474" classname="com.qa.hubspot.tests.ContactPageTest"/>
  <testcase name="createNewContactTest" time="46.036" classname="com.qa.hubspot.tests.ContactPageTest"/>
  <testcase name="createNewContactTest" time="51.305" classname="com.qa.hubspot.tests.ContactPageTest"/>
  <testcase name="createNewContactTest" time="46.379" classname="com.qa.hubspot.tests.ContactPageTest"/>
</testsuite> <!-- com.qa.hubspot.tests.ContactPageTest -->
