<?xml version="1.0" encoding="UTF-8"?>
<!-- Generated by org.testng.reporters.JUnitReportReporter -->
<testsuite skipped="1" hostname="Loveleen-PC" name="com.qa.hubspot.tests.LoginPageTest" tests="7" failures="0" timestamp="03 May 2020 17:50:55 GMT" time="23.749" errors="0">
  <testcase name="verifyLoginPageTitleTest" time="0.084" classname="com.qa.hubspot.tests.LoginPageTest"/>
  <testcase name="checkSignUplinkdisplayTest" time="0.370" classname="com.qa.hubspot.tests.LoginPageTest"/>
  <testcase name="checkshowpassworddisplayTest" time="0.162" classname="com.qa.hubspot.tests.LoginPageTest"/>
  <testcase name="checkforgetlinkdisplayTest" time="0.100" classname="com.qa.hubspot.tests.LoginPageTest"/>
  <testcase name="checkremembertextdisplayTest" time="0.095" classname="com.qa.hubspot.tests.LoginPageTest"/>
  <testcase name="loginTest" time="22.938" classname="com.qa.hubspot.tests.LoginPageTest"/>
  <testcase name="clickRemembermecheckBox" classname="com.qa.hubspot.tests.LoginPageTest">
    <skipped/>
  </testcase> <!-- clickRemembermecheckBox -->
</testsuite> <!-- com.qa.hubspot.tests.LoginPageTest -->
