<?xml version="1.0" encoding="UTF-8"?>
<!-- Generated by org.testng.reporters.JUnitReportReporter -->
<testsuite skipped="1" hostname="Loveleen-PC" name="com.qa.hubspot.tests.HomePageTest" tests="4" failures="0" timestamp="15 May 2020 13:48:32 GMT" time="14.375" errors="0">
  <testcase name="verifyHomePageTitleTest" time="0.740" classname="com.qa.hubspot.tests.HomePageTest"/>
  <testcase name="verifyHomePageHeaderTest" time="11.018" classname="com.qa.hubspot.tests.HomePageTest"/>
  <testcase name="verifyAccountUserTest" time="2.617" classname="com.qa.hubspot.tests.HomePageTest"/>
  <testcase name="verfiyTopMenuText" classname="com.qa.hubspot.tests.HomePageTest">
    <skipped/>
  </testcase> <!-- verfiyTopMenuText -->
</testsuite> <!-- com.qa.hubspot.tests.HomePageTest -->
